Using pre-set license
Built from '2020.3/staging' branch; Version is '2020.3.4f1 (0abb6314276a) revision 703331'; Using compiler version '192528614'; Build Type 'Release'
OS: 'Windows 10 Pro; OS build 19042.1110; Version 2009; 64bit' Language: 'de' Physical Memory: 8062 MB
BatchMode: 1, IsHumanControllingUs: 0, StartBugReporterOnCrash: 0, Is64bit: 1, IsPro: 0

 COMMAND LINE ARGUMENTS:
C:\Program Files\Unity\Hub\Editor\2020.3.4f1\Editor\Unity.exe
-adb2
-batchMode
-noUpm
-name
AssetImportWorker0
-projectPath
C:/Users/Konstantin/Documents/UnityProjects/Swing-game/Swing
-logFile
Logs/AssetImportWorker0.log
-srvPort
53337
Successfully changed project path to: C:/Users/Konstantin/Documents/UnityProjects/Swing-game/Swing
C:/Users/Konstantin/Documents/UnityProjects/Swing-game/Swing
Using Asset Import Pipeline V2.
Refreshing native plugins compatible for Editor in 44.78 ms, found 0 plugins.
Preloading 0 native plugins for Editor in 0.00 ms.
Initialize engine version: 2020.3.4f1 (0abb6314276a)
[Subsystems] Discovering subsystems at path C:/Program Files/Unity/Hub/Editor/2020.3.4f1/Editor/Data/Resources/UnitySubsystems
[Subsystems] Discovering subsystems at path C:/Users/Konstantin/Documents/UnityProjects/Swing-game/Swing/Assets
GfxDevice: creating device client; threaded=0
Direct3D:
    Version:  Direct3D 11.0 [level 11.0]
    Renderer: Intel(R) HD Graphics 4000 (ID=0x166)
    Vendor:   
    VRAM:     128 MB
    Driver:   10.18.10.4358
Initialize mono
Mono path[0] = 'C:/Program Files/Unity/Hub/Editor/2020.3.4f1/Editor/Data/Managed'
Mono path[1] = 'C:/Program Files/Unity/Hub/Editor/2020.3.4f1/Editor/Data/MonoBleedingEdge/lib/mono/unityjit'
Mono config path = 'C:/Program Files/Unity/Hub/Editor/2020.3.4f1/Editor/Data/MonoBleedingEdge/etc'
Using monoOptions --debugger-agent=transport=dt_socket,embedding=1,server=y,suspend=n,address=127.0.0.1:56140
Begin MonoManager ReloadAssembly
Registering precompiled unity dll's ...
Register platform support module: C:/Program Files/Unity/Hub/Editor/2020.3.4f1/Editor/Data/PlaybackEngines/WebGLSupport/UnityEditor.WebGL.Extensions.dll
Register platform support module: C:/Program Files/Unity/Hub/Editor/2020.3.4f1/Editor/Data/PlaybackEngines/WindowsStandaloneSupport/UnityEditor.WindowsStandalone.Extensions.dll
Registered in 0.003777 seconds.
Native extension for WindowsStandalone target not found
Native extension for WebGL target not found
Refreshing native plugins compatible for Editor in 45.17 ms, found 0 plugins.
Preloading 0 native plugins for Editor in 0.00 ms.
Mono: successfully reloaded assembly
- Completed reload, in  2.781 seconds
Platform modules already initialized, skipping
Registering precompiled user dll's ...
Registered in 0.001036 seconds.
Begin MonoManager ReloadAssembly
Native extension for WindowsStandalone target not found
Native extension for WebGL target not found
Refreshing native plugins compatible for Editor in 0.35 ms, found 0 plugins.
Preloading 0 native plugins for Editor in 0.00 ms.
Mono: successfully reloaded assembly
- Completed reload, in  1.281 seconds
Platform modules already initialized, skipping
========================================================================
Worker process is ready to serve import requests
Launched and connected shader compiler UnityShaderCompiler.exe after 0.07 seconds
Refreshing native plugins compatible for Editor in 0.63 ms, found 0 plugins.
Preloading 0 native plugins for Editor in 0.00 ms.
Unloading 1319 Unused Serialized files (Serialized files now loaded: 0)
System memory in use before: 71.3 MB.
System memory in use after: 71.3 MB.

Unloading 11 unused Assets to reduce memory usage. Loaded Objects now: 1758.
Total: 2.173500 ms (FindLiveObjects: 0.230000 ms CreateObjectMapping: 0.144800 ms MarkObjects: 1.674700 ms  DeleteObjects: 0.122200 ms)

========================================================================
Received Import Request.
  path: Assets/Scripts/TouchManager.cs
  artifactKey: Guid(b7c7e24a4c05672489efa06058ac4e4a) Importer(815301076,1909f56bfc062723c751e8b465ee728b)
Start importing Assets/Scripts/TouchManager.cs using Guid(b7c7e24a4c05672489efa06058ac4e4a) Importer(815301076,1909f56bfc062723c751e8b465ee728b)  -> (artifact id: '270eabd7da15cd98c6468b7cde705ccc') in 0.041278 seconds
  Import took 0.046324 seconds .

========================================================================
Received Import Request.
  Time since last request: 0.018170 seconds.
  path: Assets/Scripts/TouchManager.cs
  artifactKey: Guid(b7c7e24a4c05672489efa06058ac4e4a) Importer(815301076,1909f56bfc062723c751e8b465ee728b)
Start importing Assets/Scripts/TouchManager.cs using Guid(b7c7e24a4c05672489efa06058ac4e4a) Importer(815301076,1909f56bfc062723c751e8b465ee728b)  -> (artifact id: '270eabd7da15cd98c6468b7cde705ccc') in 0.014838 seconds
  Import took 0.019521 seconds .

========================================================================
Received Prepare
Registering precompiled user dll's ...
Registered in 0.000984 seconds.
Begin MonoManager ReloadAssembly
Native extension for WindowsStandalone target not found
Native extension for WebGL target not found
Refreshing native plugins compatible for Editor in 0.30 ms, found 0 plugins.
Preloading 0 native plugins for Editor in 0.00 ms.
Mono: successfully reloaded assembly
- Completed reload, in  1.385 seconds
Platform modules already initialized, skipping
Switching build target platform(5) subTarget(0) extendedPlatform(0) -> platform(13) subTarget(537395200) extendedPlatform(0)
Refreshing native plugins compatible for Editor in 0.44 ms, found 0 plugins.
Preloading 0 native plugins for Editor in 0.00 ms.
Unloading 1304 Unused Serialized files (Serialized files now loaded: 0)
System memory in use before: 70.0 MB.
System memory in use after: 70.1 MB.

Unloading 6 unused Assets to reduce memory usage. Loaded Objects now: 1761.
Total: 4.618600 ms (FindLiveObjects: 1.573700 ms CreateObjectMapping: 0.174900 ms MarkObjects: 2.741300 ms  DeleteObjects: 0.126200 ms)

AssetImportParameters requested are different than current active one (requested -> active):
  custom:graphics/normal-map-encoding: 01000000000000000000000000000000 -> 02000000000000000000000000000000
========================================================================
Received Prepare
Registering precompiled user dll's ...
Registered in 0.005288 seconds.
Begin MonoManager ReloadAssembly
Native extension for WindowsStandalone target not found
Native extension for WebGL target not found
Refreshing native plugins compatible for Editor in 0.31 ms, found 0 plugins.
Preloading 0 native plugins for Editor in 0.00 ms.
Mono: successfully reloaded assembly
- Completed reload, in  1.606 seconds
Platform modules already initialized, skipping
Switching build target platform(5) subTarget(0) extendedPlatform(0) -> platform(13) subTarget(537395200) extendedPlatform(0)
Refreshing native plugins compatible for Editor in 0.31 ms, found 0 plugins.
Preloading 0 native plugins for Editor in 0.00 ms.
Unloading 1304 Unused Serialized files (Serialized files now loaded: 0)
System memory in use before: 70.0 MB.
System memory in use after: 70.1 MB.

Unloading 6 unused Assets to reduce memory usage. Loaded Objects now: 1764.
Total: 2.646200 ms (FindLiveObjects: 0.186200 ms CreateObjectMapping: 0.092400 ms MarkObjects: 2.218100 ms  DeleteObjects: 0.146700 ms)

AssetImportParameters requested are different than current active one (requested -> active):
  custom:graphics/normal-map-encoding: 01000000000000000000000000000000 -> 02000000000000000000000000000000
========================================================================
Received Prepare
Registering precompiled user dll's ...
Registered in 0.001005 seconds.
Begin MonoManager ReloadAssembly
Native extension for WindowsStandalone target not found
Native extension for WebGL target not found
Refreshing native plugins compatible for Editor in 0.32 ms, found 0 plugins.
Preloading 0 native plugins for Editor in 0.00 ms.
Mono: successfully reloaded assembly
- Completed reload, in  1.308 seconds
Platform modules already initialized, skipping
Switching build target platform(5) subTarget(0) extendedPlatform(0) -> platform(13) subTarget(537395200) extendedPlatform(0)
Refreshing native plugins compatible for Editor in 0.34 ms, found 0 plugins.
Preloading 0 native plugins for Editor in 0.00 ms.
Unloading 1304 Unused Serialized files (Serialized files now loaded: 0)
System memory in use before: 70.0 MB.
System memory in use after: 70.1 MB.

Unloading 6 unused Assets to reduce memory usage. Loaded Objects now: 1767.
Total: 2.149800 ms (FindLiveObjects: 0.293400 ms CreateObjectMapping: 0.071200 ms MarkObjects: 1.658700 ms  DeleteObjects: 0.123900 ms)

AssetImportParameters requested are different than current active one (requested -> active):
  custom:graphics/normal-map-encoding: 01000000000000000000000000000000 -> 02000000000000000000000000000000
========================================================================
Received Prepare
Registering precompiled user dll's ...
Registered in 0.000994 seconds.
Begin MonoManager ReloadAssembly
Native extension for WindowsStandalone target not found
Native extension for WebGL target not found
Refreshing native plugins compatible for Editor in 0.30 ms, found 0 plugins.
Preloading 0 native plugins for Editor in 0.00 ms.
Mono: successfully reloaded assembly
- Completed reload, in  1.366 seconds
Platform modules already initialized, skipping
Switching build target platform(5) subTarget(0) extendedPlatform(0) -> platform(13) subTarget(537395200) extendedPlatform(0)
Refreshing native plugins compatible for Editor in 0.45 ms, found 0 plugins.
Preloading 0 native plugins for Editor in 0.00 ms.
Unloading 1304 Unused Serialized files (Serialized files now loaded: 0)
System memory in use before: 70.0 MB.
System memory in use after: 70.1 MB.

Unloading 6 unused Assets to reduce memory usage. Loaded Objects now: 1770.
Total: 2.114700 ms (FindLiveObjects: 0.278900 ms CreateObjectMapping: 0.067300 ms MarkObjects: 1.683000 ms  DeleteObjects: 0.083200 ms)

AssetImportParameters requested are different than current active one (requested -> active):
  custom:graphics/normal-map-encoding: 01000000000000000000000000000000 -> 02000000000000000000000000000000
========================================================================
Received Prepare
Registering precompiled user dll's ...
Registered in 0.001198 seconds.
Begin MonoManager ReloadAssembly
Native extension for WindowsStandalone target not found
Native extension for WebGL target not found
Refreshing native plugins compatible for Editor in 0.31 ms, found 0 plugins.
Preloading 0 native plugins for Editor in 0.00 ms.
Mono: successfully reloaded assembly
- Completed reload, in  1.195 seconds
Platform modules already initialized, skipping
Switching build target platform(5) subTarget(0) extendedPlatform(0) -> platform(13) subTarget(537395200) extendedPlatform(0)
Refreshing native plugins compatible for Editor in 0.30 ms, found 0 plugins.
Preloading 0 native plugins for Editor in 0.00 ms.
Unloading 1304 Unused Serialized files (Serialized files now loaded: 0)
System memory in use before: 70.1 MB.
System memory in use after: 70.1 MB.

Unloading 6 unused Assets to reduce memory usage. Loaded Objects now: 1773.
Total: 1.871200 ms (FindLiveObjects: 0.172300 ms CreateObjectMapping: 0.056700 ms MarkObjects: 1.554100 ms  DeleteObjects: 0.086600 ms)

AssetImportParameters requested are different than current active one (requested -> active):
  custom:graphics/normal-map-encoding: 01000000000000000000000000000000 -> 02000000000000000000000000000000
========================================================================
Received Prepare
Registering precompiled user dll's ...
Registered in 0.001383 seconds.
Begin MonoManager ReloadAssembly
Native extension for WindowsStandalone target not found
Native extension for WebGL target not found
Refreshing native plugins compatible for Editor in 0.37 ms, found 0 plugins.
Preloading 0 native plugins for Editor in 0.00 ms.
Mono: successfully reloaded assembly
- Completed reload, in  1.357 seconds
Platform modules already initialized, skipping
Switching build target platform(5) subTarget(0) extendedPlatform(0) -> platform(13) subTarget(537395200) extendedPlatform(0)
Refreshing native plugins compatible for Editor in 0.35 ms, found 0 plugins.
Preloading 0 native plugins for Editor in 0.00 ms.
Unloading 1304 Unused Serialized files (Serialized files now loaded: 0)
System memory in use before: 70.1 MB.
System memory in use after: 70.1 MB.

Unloading 6 unused Assets to reduce memory usage. Loaded Objects now: 1776.
Total: 2.085500 ms (FindLiveObjects: 0.157600 ms CreateObjectMapping: 0.058000 ms MarkObjects: 1.761700 ms  DeleteObjects: 0.106200 ms)

AssetImportParameters requested are different than current active one (requested -> active):
  custom:graphics/normal-map-encoding: 01000000000000000000000000000000 -> 02000000000000000000000000000000
========================================================================
Received Prepare
Registering precompiled user dll's ...
Registered in 0.001564 seconds.
Begin MonoManager ReloadAssembly
Native extension for WindowsStandalone target not found
Native extension for WebGL target not found
Refreshing native plugins compatible for Editor in 0.29 ms, found 0 plugins.
Preloading 0 native plugins for Editor in 0.00 ms.
Mono: successfully reloaded assembly
- Completed reload, in  1.324 seconds
Platform modules already initialized, skipping
Switching build target platform(5) subTarget(0) extendedPlatform(0) -> platform(13) subTarget(537395200) extendedPlatform(0)
Refreshing native plugins compatible for Editor in 0.31 ms, found 0 plugins.
Preloading 0 native plugins for Editor in 0.00 ms.
Unloading 1304 Unused Serialized files (Serialized files now loaded: 0)
System memory in use before: 70.1 MB.
System memory in use after: 70.1 MB.

Unloading 6 unused Assets to reduce memory usage. Loaded Objects now: 1779.
Total: 1.913100 ms (FindLiveObjects: 0.163100 ms CreateObjectMapping: 0.054900 ms MarkObjects: 1.608900 ms  DeleteObjects: 0.084500 ms)

AssetImportParameters requested are different than current active one (requested -> active):
  custom:graphics/normal-map-encoding: 01000000000000000000000000000000 -> 02000000000000000000000000000000
========================================================================
Received Prepare
Registering precompiled user dll's ...
Registered in 0.001620 seconds.
Begin MonoManager ReloadAssembly
Native extension for WindowsStandalone target not found
Native extension for WebGL target not found
Refreshing native plugins compatible for Editor in 0.32 ms, found 0 plugins.
Preloading 0 native plugins for Editor in 0.00 ms.
Mono: successfully reloaded assembly
- Completed reload, in  2.132 seconds
Platform modules already initialized, skipping
Switching build target platform(5) subTarget(0) extendedPlatform(0) -> platform(13) subTarget(537395200) extendedPlatform(0)
Refreshing native plugins compatible for Editor in 0.29 ms, found 0 plugins.
Preloading 0 native plugins for Editor in 0.00 ms.
Unloading 1304 Unused Serialized files (Serialized files now loaded: 0)
System memory in use before: 70.1 MB.
System memory in use after: 70.1 MB.

Unloading 6 unused Assets to reduce memory usage. Loaded Objects now: 1782.
Total: 2.488500 ms (FindLiveObjects: 0.294900 ms CreateObjectMapping: 0.061500 ms MarkObjects: 2.033700 ms  DeleteObjects: 0.096200 ms)

AssetImportParameters requested are different than current active one (requested -> active):
  custom:graphics/normal-map-encoding: 01000000000000000000000000000000 -> 02000000000000000000000000000000
========================================================================
Received Prepare
Registering precompiled user dll's ...
Registered in 0.113053 seconds.
Begin MonoManager ReloadAssembly
Native extension for WindowsStandalone target not found
Native extension for WebGL target not found
Refreshing native plugins compatible for Editor in 0.29 ms, found 0 plugins.
Preloading 0 native plugins for Editor in 0.00 ms.
Mono: successfully reloaded assembly
- Completed reload, in  7.468 seconds
Platform modules already initialized, skipping
Switching build target platform(5) subTarget(0) extendedPlatform(0) -> platform(13) subTarget(537395200) extendedPlatform(0)
Refreshing native plugins compatible for Editor in 0.29 ms, found 0 plugins.
Preloading 0 native plugins for Editor in 0.00 ms.
Unloading 1304 Unused Serialized files (Serialized files now loaded: 0)
System memory in use before: 70.1 MB.
System memory in use after: 70.1 MB.

Unloading 6 unused Assets to reduce memory usage. Loaded Objects now: 1785.
Total: 2.363900 ms (FindLiveObjects: 0.221600 ms CreateObjectMapping: 0.155400 ms MarkObjects: 1.893500 ms  DeleteObjects: 0.091100 ms)

AssetImportParameters requested are different than current active one (requested -> active):
  custom:graphics/normal-map-encoding: 01000000000000000000000000000000 -> 02000000000000000000000000000000
========================================================================
Received Import Request.
  Time since last request: 2229.111306 seconds.
  path: Assets/Sprites/coloredspheres/sphere-16.png
  artifactKey: Guid(28b6320ed7b09354c9f2dc9fb2b5e2bc) Importer(815301076,1909f56bfc062723c751e8b465ee728b)
Start importing Assets/Sprites/coloredspheres/sphere-16.png using Guid(28b6320ed7b09354c9f2dc9fb2b5e2bc) Importer(815301076,1909f56bfc062723c751e8b465ee728b)  -> (artifact id: 'af7f7c3133c4de25c73f0da03b7dbbe0') in 0.278353 seconds
  Import took 0.283992 seconds .

========================================================================
Received Import Request.
  Time since last request: 0.000252 seconds.
  path: Assets/Sprites/coloredspheres/sphere-20.png
  artifactKey: Guid(9b0c8975f9fd40c41b4b9acffe6c789e) Importer(815301076,1909f56bfc062723c751e8b465ee728b)
Start importing Assets/Sprites/coloredspheres/sphere-20.png using Guid(9b0c8975f9fd40c41b4b9acffe6c789e) Importer(815301076,1909f56bfc062723c751e8b465ee728b)  -> (artifact id: 'b88fbaa78cb583792a3b9b7821747350') in 0.046416 seconds
  Import took 0.053727 seconds .

========================================================================
Received Import Request.
  Time since last request: 0.000298 seconds.
  path: Assets/Sprites/coloredspheres/sphere-21.png
  artifactKey: Guid(00a535ad68179094ca573d04b81e95c2) Importer(815301076,1909f56bfc062723c751e8b465ee728b)
Start importing Assets/Sprites/coloredspheres/sphere-21.png using Guid(00a535ad68179094ca573d04b81e95c2) Importer(815301076,1909f56bfc062723c751e8b465ee728b)  -> (artifact id: '9379546aa850f3542263c61b6698ccc2') in 0.063902 seconds
  Import took 0.070042 seconds .

========================================================================
Received Import Request.
  Time since last request: 0.000252 seconds.
  path: Assets/Sprites/coloredspheres/sphere-22.png
  artifactKey: Guid(b89202bf1da04f7478aea9fd46784993) Importer(815301076,1909f56bfc062723c751e8b465ee728b)
Start importing Assets/Sprites/coloredspheres/sphere-22.png using Guid(b89202bf1da04f7478aea9fd46784993) Importer(815301076,1909f56bfc062723c751e8b465ee728b)  -> (artifact id: '3e8862f2d01a5f9fa8a531dee79bfe7e') in 0.060826 seconds
  Import took 0.065186 seconds .

========================================================================
Received Import Request.
  Time since last request: 0.000253 seconds.
  path: Assets/Sprites/coloredspheres/sphere-23.png
  artifactKey: Guid(046ba354faca5e04cb7f15525e830849) Importer(815301076,1909f56bfc062723c751e8b465ee728b)
Start importing Assets/Sprites/coloredspheres/sphere-23.png using Guid(046ba354faca5e04cb7f15525e830849) Importer(815301076,1909f56bfc062723c751e8b465ee728b)  -> (artifact id: '121dbea62964c5497678839a6a5e571e') in 0.051165 seconds
  Import took 0.059355 seconds .

========================================================================
Received Import Request.
  Time since last request: 0.000254 seconds.
  path: Assets/Sprites/coloredspheres/sphere-17.png
  artifactKey: Guid(658e4d2c57f5b8a49b081562018b349b) Importer(815301076,1909f56bfc062723c751e8b465ee728b)
Start importing Assets/Sprites/coloredspheres/sphere-17.png using Guid(658e4d2c57f5b8a49b081562018b349b) Importer(815301076,1909f56bfc062723c751e8b465ee728b)  -> (artifact id: '31e057847b8c5e4e679722c25cf2bea5') in 0.052840 seconds
  Import took 0.056711 seconds .

========================================================================
Received Import Request.
  Time since last request: 0.000254 seconds.
  path: Assets/Sprites/coloredspheres/sphere-18.png
  artifactKey: Guid(f9213bc9bf9362749a7d066e58fa1a48) Importer(815301076,1909f56bfc062723c751e8b465ee728b)
Start importing Assets/Sprites/coloredspheres/sphere-18.png using Guid(f9213bc9bf9362749a7d066e58fa1a48) Importer(815301076,1909f56bfc062723c751e8b465ee728b)  -> (artifact id: '591cf8d7b15c643148cb61d9fa464e7b') in 0.058216 seconds
  Import took 0.062192 seconds .

========================================================================
Received Import Request.
  Time since last request: 0.000316 seconds.
  path: Assets/Sprites/coloredspheres/sphere-19.png
  artifactKey: Guid(12abc434e871074468fc0069b7f96603) Importer(815301076,1909f56bfc062723c751e8b465ee728b)
Start importing Assets/Sprites/coloredspheres/sphere-19.png using Guid(12abc434e871074468fc0069b7f96603) Importer(815301076,1909f56bfc062723c751e8b465ee728b)  -> (artifact id: '04ce9e4406d8d8298defb230a4c9db9f') in 0.057281 seconds
  Import took 0.064069 seconds .

========================================================================
Received Prepare
Registering precompiled user dll's ...
Registered in 0.001026 seconds.
Begin MonoManager ReloadAssembly
Native extension for WindowsStandalone target not found
Native extension for WebGL target not found
Refreshing native plugins compatible for Editor in 0.30 ms, found 0 plugins.
Preloading 0 native plugins for Editor in 0.00 ms.
Mono: successfully reloaded assembly
- Completed reload, in  1.322 seconds
Platform modules already initialized, skipping
Switching build target platform(5) subTarget(0) extendedPlatform(0) -> platform(13) subTarget(537395200) extendedPlatform(0)
Refreshing native plugins compatible for Editor in 0.44 ms, found 0 plugins.
Preloading 0 native plugins for Editor in 0.00 ms.
Unloading 1304 Unused Serialized files (Serialized files now loaded: 0)
System memory in use before: 73.2 MB.
System memory in use after: 73.2 MB.

Unloading 6 unused Assets to reduce memory usage. Loaded Objects now: 1794.
Total: 1.794000 ms (FindLiveObjects: 0.157600 ms CreateObjectMapping: 0.055700 ms MarkObjects: 1.495900 ms  DeleteObjects: 0.083000 ms)

AssetImportParameters requested are different than current active one (requested -> active):
  custom:graphics/normal-map-encoding: 01000000000000000000000000000000 -> 02000000000000000000000000000000
========================================================================
Received Import Request.
  Time since last request: 48.441269 seconds.
  path: Assets/Prefabs/sphere-00.prefab
  artifactKey: Guid(db9286ffc426eba48a39ffeb7d78f569) Importer(815301076,1909f56bfc062723c751e8b465ee728b)
Start importing Assets/Prefabs/sphere-00.prefab using Guid(db9286ffc426eba48a39ffeb7d78f569) Importer(815301076,1909f56bfc062723c751e8b465ee728b)  -> (artifact id: '998669b23efe084391978be7d5348943') in 0.429820 seconds
  Import took 0.436039 seconds .

========================================================================
Received Import Request.
  Time since last request: 0.210193 seconds.
  path: Assets/Prefabs/sphere-00.prefab
  artifactKey: Guid(db9286ffc426eba48a39ffeb7d78f569) Importer(815301076,1909f56bfc062723c751e8b465ee728b)
Start importing Assets/Prefabs/sphere-00.prefab using Guid(db9286ffc426eba48a39ffeb7d78f569) Importer(815301076,1909f56bfc062723c751e8b465ee728b)  -> (artifact id: '998669b23efe084391978be7d5348943') in 0.065382 seconds
  Import took 0.068915 seconds .

========================================================================
Received Prepare
Registering precompiled user dll's ...
Registered in 0.001163 seconds.
Begin MonoManager ReloadAssembly
Native extension for WindowsStandalone target not found
Native extension for WebGL target not found
Refreshing native plugins compatible for Editor in 0.29 ms, found 0 plugins.
Preloading 0 native plugins for Editor in 0.00 ms.
Mono: successfully reloaded assembly
- Completed reload, in  1.323 seconds
Platform modules already initialized, skipping
Switching build target platform(5) subTarget(0) extendedPlatform(0) -> platform(13) subTarget(537395200) extendedPlatform(0)
Refreshing native plugins compatible for Editor in 0.29 ms, found 0 plugins.
Preloading 0 native plugins for Editor in 0.00 ms.
Unloading 1304 Unused Serialized files (Serialized files now loaded: 0)
System memory in use before: 73.2 MB.
System memory in use after: 73.3 MB.

Unloading 6 unused Assets to reduce memory usage. Loaded Objects now: 1801.
Total: 2.513900 ms (FindLiveObjects: 0.239000 ms CreateObjectMapping: 0.127300 ms MarkObjects: 2.013400 ms  DeleteObjects: 0.132500 ms)

AssetImportParameters requested are different than current active one (requested -> active):
  custom:graphics/normal-map-encoding: 01000000000000000000000000000000 -> 02000000000000000000000000000000
========================================================================
Received Import Request.
  Time since last request: 48.459991 seconds.
  path: Assets/Prefabs/sphere-00.prefab
  artifactKey: Guid(db9286ffc426eba48a39ffeb7d78f569) Importer(815301076,1909f56bfc062723c751e8b465ee728b)
Start importing Assets/Prefabs/sphere-00.prefab using Guid(db9286ffc426eba48a39ffeb7d78f569) Importer(815301076,1909f56bfc062723c751e8b465ee728b)  -> (artifact id: '7074061b4945cbdc57d3c5d95ec3bebc') in 0.162736 seconds
  Import took 0.166879 seconds .

========================================================================
Received Import Request.
  Time since last request: 11.745470 seconds.
  path: Assets/Prefabs/sphere-00.prefab
  artifactKey: Guid(db9286ffc426eba48a39ffeb7d78f569) Importer(815301076,1909f56bfc062723c751e8b465ee728b)
Start importing Assets/Prefabs/sphere-00.prefab using Guid(db9286ffc426eba48a39ffeb7d78f569) Importer(815301076,1909f56bfc062723c751e8b465ee728b)  -> (artifact id: 'ee8046745b288f3a36d63788fc2e103d') in 0.080038 seconds
  Import took 0.085332 seconds .

========================================================================
Received Import Request.
  Time since last request: 6.925491 seconds.
  path: Assets/Prefabs/sphere-00.prefab
  artifactKey: Guid(db9286ffc426eba48a39ffeb7d78f569) Importer(815301076,1909f56bfc062723c751e8b465ee728b)
Start importing Assets/Prefabs/sphere-00.prefab using Guid(db9286ffc426eba48a39ffeb7d78f569) Importer(815301076,1909f56bfc062723c751e8b465ee728b)  -> (artifact id: 'bca2c0e6634018c2c660797755563c77') in 0.070445 seconds
  Import took 0.075768 seconds .

========================================================================
Received Import Request.
  Time since last request: 10.520350 seconds.
  path: Assets/Prefabs/sphere-00.prefab
  artifactKey: Guid(db9286ffc426eba48a39ffeb7d78f569) Importer(815301076,1909f56bfc062723c751e8b465ee728b)
Start importing Assets/Prefabs/sphere-00.prefab using Guid(db9286ffc426eba48a39ffeb7d78f569) Importer(815301076,1909f56bfc062723c751e8b465ee728b)  -> (artifact id: '3b9f47771ca36defe27d959c605c2a9c') in 0.074673 seconds
  Import took 0.081008 seconds .

========================================================================
Received Import Request.
  Time since last request: 9.766766 seconds.
  path: Assets/Prefabs/sphere-00.prefab
  artifactKey: Guid(db9286ffc426eba48a39ffeb7d78f569) Importer(815301076,1909f56bfc062723c751e8b465ee728b)
Start importing Assets/Prefabs/sphere-00.prefab using Guid(db9286ffc426eba48a39ffeb7d78f569) Importer(815301076,1909f56bfc062723c751e8b465ee728b)  -> (artifact id: 'e2db6a4d3548eccdd9380013f0062669') in 0.075586 seconds
  Import took 0.079706 seconds .

========================================================================
Received Import Request.
  Time since last request: 6.355542 seconds.
  path: Assets/Prefabs/sphere-00.prefab
  artifactKey: Guid(db9286ffc426eba48a39ffeb7d78f569) Importer(815301076,1909f56bfc062723c751e8b465ee728b)
Start importing Assets/Prefabs/sphere-00.prefab using Guid(db9286ffc426eba48a39ffeb7d78f569) Importer(815301076,1909f56bfc062723c751e8b465ee728b)  -> (artifact id: '5399815727db15a46314a5ed04ee9bfa') in 0.084639 seconds
  Import took 0.089975 seconds .

========================================================================
Received Import Request.
  Time since last request: 9.828745 seconds.
  path: Assets/Prefabs/sphere-00.prefab
  artifactKey: Guid(db9286ffc426eba48a39ffeb7d78f569) Importer(815301076,1909f56bfc062723c751e8b465ee728b)
Start importing Assets/Prefabs/sphere-00.prefab using Guid(db9286ffc426eba48a39ffeb7d78f569) Importer(815301076,1909f56bfc062723c751e8b465ee728b)  -> (artifact id: '761a4a9ccbc706b8dcf9bcd4ae2a46c2') in 0.078908 seconds
  Import took 0.085696 seconds .

========================================================================
Received Import Request.
  Time since last request: 8.306297 seconds.
  path: Assets/Prefabs/sphere-00.prefab
  artifactKey: Guid(db9286ffc426eba48a39ffeb7d78f569) Importer(815301076,1909f56bfc062723c751e8b465ee728b)
Start importing Assets/Prefabs/sphere-00.prefab using Guid(db9286ffc426eba48a39ffeb7d78f569) Importer(815301076,1909f56bfc062723c751e8b465ee728b)  -> (artifact id: '8ac399d6681f4f818c172778a7dfc2bf') in 0.082492 seconds
  Import took 0.088044 seconds .

========================================================================
Received Import Request.
  Time since last request: 2.454122 seconds.
  path: Assets/Prefabs/sphere-00.prefab
  artifactKey: Guid(db9286ffc426eba48a39ffeb7d78f569) Importer(815301076,1909f56bfc062723c751e8b465ee728b)
Start importing Assets/Prefabs/sphere-00.prefab using Guid(db9286ffc426eba48a39ffeb7d78f569) Importer(815301076,1909f56bfc062723c751e8b465ee728b)  -> (artifact id: '58e4c9d81a0a56a626579a6da81daace') in 0.072210 seconds
  Import took 0.076887 seconds .

========================================================================
Received Import Request.
  Time since last request: 17.267168 seconds.
  path: Assets/Prefabs/sphere-00.prefab
  artifactKey: Guid(db9286ffc426eba48a39ffeb7d78f569) Importer(815301076,1909f56bfc062723c751e8b465ee728b)
Start importing Assets/Prefabs/sphere-00.prefab using Guid(db9286ffc426eba48a39ffeb7d78f569) Importer(815301076,1909f56bfc062723c751e8b465ee728b)  -> (artifact id: '9c9886f6fb434fd59ad9c7db1d10d1be') in 0.108901 seconds
  Import took 0.116320 seconds .

========================================================================
Received Import Request.
  Time since last request: 21.319756 seconds.
  path: Assets/Prefabs/sphere-00.prefab
  artifactKey: Guid(db9286ffc426eba48a39ffeb7d78f569) Importer(815301076,1909f56bfc062723c751e8b465ee728b)
Start importing Assets/Prefabs/sphere-00.prefab using Guid(db9286ffc426eba48a39ffeb7d78f569) Importer(815301076,1909f56bfc062723c751e8b465ee728b)  -> (artifact id: '67e524fd16fcdcdbcfdf887205ca44f2') in 0.105317 seconds
  Import took 0.112613 seconds .

========================================================================
Received Import Request.
  Time since last request: 4.652433 seconds.
  path: Assets/Prefabs/sphere-00.prefab
  artifactKey: Guid(db9286ffc426eba48a39ffeb7d78f569) Importer(815301076,1909f56bfc062723c751e8b465ee728b)
Start importing Assets/Prefabs/sphere-00.prefab using Guid(db9286ffc426eba48a39ffeb7d78f569) Importer(815301076,1909f56bfc062723c751e8b465ee728b)  -> (artifact id: 'edc7d7df1f38487c425bf222be243a77') in 0.083281 seconds
  Import took 0.090634 seconds .

========================================================================
Received Import Request.
  Time since last request: 1.806351 seconds.
  path: Assets/Prefabs/sphere-00.prefab
  artifactKey: Guid(db9286ffc426eba48a39ffeb7d78f569) Importer(815301076,1909f56bfc062723c751e8b465ee728b)
Start importing Assets/Prefabs/sphere-00.prefab using Guid(db9286ffc426eba48a39ffeb7d78f569) Importer(815301076,1909f56bfc062723c751e8b465ee728b)  -> (artifact id: '0f45c063f5ffcf95e6e5a00a3c6f315b') in 0.064776 seconds
  Import took 0.069910 seconds .

========================================================================
Received Import Request.
  Time since last request: 29.165665 seconds.
  path: Assets/Prefabs/sphere-00.prefab
  artifactKey: Guid(db9286ffc426eba48a39ffeb7d78f569) Importer(815301076,1909f56bfc062723c751e8b465ee728b)
Start importing Assets/Prefabs/sphere-00.prefab using Guid(db9286ffc426eba48a39ffeb7d78f569) Importer(815301076,1909f56bfc062723c751e8b465ee728b)  -> (artifact id: '4e038fd4d4199d5b58c8b4628eea96b2') in 0.075189 seconds
  Import took 0.081102 seconds .

========================================================================
Received Import Request.
  Time since last request: 2.022247 seconds.
  path: Assets/Prefabs/sphere-00.prefab
  artifactKey: Guid(db9286ffc426eba48a39ffeb7d78f569) Importer(815301076,1909f56bfc062723c751e8b465ee728b)
Start importing Assets/Prefabs/sphere-00.prefab using Guid(db9286ffc426eba48a39ffeb7d78f569) Importer(815301076,1909f56bfc062723c751e8b465ee728b)  -> (artifact id: '17321193246e57b2571c53c289f676b3') in 0.078905 seconds
  Import took 0.083205 seconds .

========================================================================
Received Import Request.
  Time since last request: 2.054119 seconds.
  path: Assets/Prefabs/sphere-00.prefab
  artifactKey: Guid(db9286ffc426eba48a39ffeb7d78f569) Importer(815301076,1909f56bfc062723c751e8b465ee728b)
Start importing Assets/Prefabs/sphere-00.prefab using Guid(db9286ffc426eba48a39ffeb7d78f569) Importer(815301076,1909f56bfc062723c751e8b465ee728b)  -> (artifact id: '66e5118c4610f1bfd71e206f25903c70') in 0.079355 seconds
  Import took 0.084309 seconds .

========================================================================
Received Import Request.
  Time since last request: 2.429584 seconds.
  path: Assets/Prefabs/sphere-00.prefab
  artifactKey: Guid(db9286ffc426eba48a39ffeb7d78f569) Importer(815301076,1909f56bfc062723c751e8b465ee728b)
Start importing Assets/Prefabs/sphere-00.prefab using Guid(db9286ffc426eba48a39ffeb7d78f569) Importer(815301076,1909f56bfc062723c751e8b465ee728b)  -> (artifact id: 'c66ac424205c117e06b33bb8145bd90d') in 0.077424 seconds
  Import took 0.082370 seconds .

========================================================================
Received Import Request.
  Time since last request: 1.669378 seconds.
  path: Assets/Prefabs/sphere-00.prefab
  artifactKey: Guid(db9286ffc426eba48a39ffeb7d78f569) Importer(815301076,1909f56bfc062723c751e8b465ee728b)
Start importing Assets/Prefabs/sphere-00.prefab using Guid(db9286ffc426eba48a39ffeb7d78f569) Importer(815301076,1909f56bfc062723c751e8b465ee728b)  -> (artifact id: '696b9cfbdd5614d54f8308b9780ef4f4') in 0.060931 seconds
  Import took 0.066385 seconds .

========================================================================
Received Import Request.
  Time since last request: 1.906195 seconds.
  path: Assets/Prefabs/sphere-00.prefab
  artifactKey: Guid(db9286ffc426eba48a39ffeb7d78f569) Importer(815301076,1909f56bfc062723c751e8b465ee728b)
Start importing Assets/Prefabs/sphere-00.prefab using Guid(db9286ffc426eba48a39ffeb7d78f569) Importer(815301076,1909f56bfc062723c751e8b465ee728b)  -> (artifact id: '556e5a931f41ff5333c78dd646fad872') in 0.080798 seconds
  Import took 0.084917 seconds .

========================================================================
Received Import Request.
  Time since last request: 2.385553 seconds.
  path: Assets/Prefabs/sphere-00.prefab
  artifactKey: Guid(db9286ffc426eba48a39ffeb7d78f569) Importer(815301076,1909f56bfc062723c751e8b465ee728b)
Start importing Assets/Prefabs/sphere-00.prefab using Guid(db9286ffc426eba48a39ffeb7d78f569) Importer(815301076,1909f56bfc062723c751e8b465ee728b)  -> (artifact id: '6da3bb8baaaadc3f109cf54a23718088') in 0.082242 seconds
  Import took 0.087081 seconds .

========================================================================
Received Import Request.
  Time since last request: 2.659309 seconds.
  path: Assets/Prefabs/sphere-00.prefab
  artifactKey: Guid(db9286ffc426eba48a39ffeb7d78f569) Importer(815301076,1909f56bfc062723c751e8b465ee728b)
Start importing Assets/Prefabs/sphere-00.prefab using Guid(db9286ffc426eba48a39ffeb7d78f569) Importer(815301076,1909f56bfc062723c751e8b465ee728b)  -> (artifact id: 'f3399fe23a53692e09bf41d38cd5da5a') in 0.090553 seconds
  Import took 0.097721 seconds .

========================================================================
Received Import Request.
  Time since last request: 3.105081 seconds.
  path: Assets/Prefabs/sphere-00.prefab
  artifactKey: Guid(db9286ffc426eba48a39ffeb7d78f569) Importer(815301076,1909f56bfc062723c751e8b465ee728b)
Start importing Assets/Prefabs/sphere-00.prefab using Guid(db9286ffc426eba48a39ffeb7d78f569) Importer(815301076,1909f56bfc062723c751e8b465ee728b)  -> (artifact id: 'b8838d78e584adae626d79adcb016998') in 0.085387 seconds
  Import took 0.090278 seconds .

========================================================================
Received Import Request.
  Time since last request: 18.500383 seconds.
  path: Assets/Prefabs/sphere-00.prefab
  artifactKey: Guid(db9286ffc426eba48a39ffeb7d78f569) Importer(815301076,1909f56bfc062723c751e8b465ee728b)
Start importing Assets/Prefabs/sphere-00.prefab using Guid(db9286ffc426eba48a39ffeb7d78f569) Importer(815301076,1909f56bfc062723c751e8b465ee728b)  -> (artifact id: '6c89951ada771b4f159061b8241fc082') in 0.083047 seconds
  Import took 0.088558 seconds .

========================================================================
Received Import Request.
  Time since last request: 4.424823 seconds.
  path: Assets/Prefabs/sphere-00.prefab
  artifactKey: Guid(db9286ffc426eba48a39ffeb7d78f569) Importer(815301076,1909f56bfc062723c751e8b465ee728b)
Start importing Assets/Prefabs/sphere-00.prefab using Guid(db9286ffc426eba48a39ffeb7d78f569) Importer(815301076,1909f56bfc062723c751e8b465ee728b)  -> (artifact id: '6a680485bcddfd7efc2d79baf1fa491b') in 0.113715 seconds
  Import took 0.117631 seconds .

========================================================================
Received Import Request.
  Time since last request: 25.323195 seconds.
  path: Assets/Prefabs/sphere-00.prefab
  artifactKey: Guid(db9286ffc426eba48a39ffeb7d78f569) Importer(815301076,1909f56bfc062723c751e8b465ee728b)
Start importing Assets/Prefabs/sphere-00.prefab using Guid(db9286ffc426eba48a39ffeb7d78f569) Importer(815301076,1909f56bfc062723c751e8b465ee728b)  -> (artifact id: '44d6b2a70f99c1dff48c3f94f591e3d4') in 0.074239 seconds
  Import took 0.079370 seconds .

========================================================================
Received Import Request.
  Time since last request: 14.259908 seconds.
  path: Assets/Prefabs/sphere-00.prefab
  artifactKey: Guid(db9286ffc426eba48a39ffeb7d78f569) Importer(815301076,1909f56bfc062723c751e8b465ee728b)
Start importing Assets/Prefabs/sphere-00.prefab using Guid(db9286ffc426eba48a39ffeb7d78f569) Importer(815301076,1909f56bfc062723c751e8b465ee728b)  -> (artifact id: 'ec3d213c194c0fd0c1d44047e383a0c7') in 0.107566 seconds
  Import took 0.111724 seconds .

========================================================================
Received Import Request.
  Time since last request: 9.844827 seconds.
  path: Assets/Prefabs/sphere-00.prefab
  artifactKey: Guid(db9286ffc426eba48a39ffeb7d78f569) Importer(815301076,1909f56bfc062723c751e8b465ee728b)
Start importing Assets/Prefabs/sphere-00.prefab using Guid(db9286ffc426eba48a39ffeb7d78f569) Importer(815301076,1909f56bfc062723c751e8b465ee728b)  -> (artifact id: '6fa9ab13cda70c525296f048698a5a3a') in 0.082533 seconds
  Import took 0.088426 seconds .

========================================================================
Received Import Request.
  Time since last request: 16.820109 seconds.
  path: Assets/Prefabs/sphere-00.prefab
  artifactKey: Guid(db9286ffc426eba48a39ffeb7d78f569) Importer(815301076,1909f56bfc062723c751e8b465ee728b)
Start importing Assets/Prefabs/sphere-00.prefab using Guid(db9286ffc426eba48a39ffeb7d78f569) Importer(815301076,1909f56bfc062723c751e8b465ee728b)  -> (artifact id: '4bc12e22442e511b0b28b9d41ea31e24') in 0.098837 seconds
  Import took 0.106142 seconds .

========================================================================
Received Import Request.
  Time since last request: 4.205689 seconds.
  path: Assets/Prefabs/sphere-00.prefab
  artifactKey: Guid(db9286ffc426eba48a39ffeb7d78f569) Importer(815301076,1909f56bfc062723c751e8b465ee728b)
Start importing Assets/Prefabs/sphere-00.prefab using Guid(db9286ffc426eba48a39ffeb7d78f569) Importer(815301076,1909f56bfc062723c751e8b465ee728b)  -> (artifact id: '9f94ab1f804ba16bf750e6c54c0cd63c') in 0.081052 seconds
  Import took 0.085839 seconds .

========================================================================
Received Import Request.
  Time since last request: 2.787825 seconds.
  path: Assets/Prefabs/sphere-00.prefab
  artifactKey: Guid(db9286ffc426eba48a39ffeb7d78f569) Importer(815301076,1909f56bfc062723c751e8b465ee728b)
Start importing Assets/Prefabs/sphere-00.prefab using Guid(db9286ffc426eba48a39ffeb7d78f569) Importer(815301076,1909f56bfc062723c751e8b465ee728b)  -> (artifact id: '1970f9a74703124eddd9d3a08271e606') in 0.074587 seconds
  Import took 0.079419 seconds .

========================================================================
Received Import Request.
  Time since last request: 3.127208 seconds.
  path: Assets/Prefabs/sphere-00.prefab
  artifactKey: Guid(db9286ffc426eba48a39ffeb7d78f569) Importer(815301076,1909f56bfc062723c751e8b465ee728b)
Start importing Assets/Prefabs/sphere-00.prefab using Guid(db9286ffc426eba48a39ffeb7d78f569) Importer(815301076,1909f56bfc062723c751e8b465ee728b)  -> (artifact id: '1f07138ce90fc7cc6398e7f010e7fa8c') in 0.082868 seconds
  Import took 0.087452 seconds .

========================================================================
Received Import Request.
  Time since last request: 2.264291 seconds.
  path: Assets/Prefabs/sphere-00.prefab
  artifactKey: Guid(db9286ffc426eba48a39ffeb7d78f569) Importer(815301076,1909f56bfc062723c751e8b465ee728b)
Start importing Assets/Prefabs/sphere-00.prefab using Guid(db9286ffc426eba48a39ffeb7d78f569) Importer(815301076,1909f56bfc062723c751e8b465ee728b)  -> (artifact id: 'b1c147dfbccf549eb434b5133a92d08a') in 0.084665 seconds
  Import took 0.090301 seconds .

========================================================================
Received Import Request.
  Time since last request: 2.046560 seconds.
  path: Assets/Prefabs/sphere-00.prefab
  artifactKey: Guid(db9286ffc426eba48a39ffeb7d78f569) Importer(815301076,1909f56bfc062723c751e8b465ee728b)
Start importing Assets/Prefabs/sphere-00.prefab using Guid(db9286ffc426eba48a39ffeb7d78f569) Importer(815301076,1909f56bfc062723c751e8b465ee728b)  -> (artifact id: '735fd9fbca271cb41432e0510b977cfb') in 0.060672 seconds
  Import took 0.067570 seconds .

========================================================================
Received Import Request.
  Time since last request: 3.330367 seconds.
  path: Assets/Prefabs/sphere-00.prefab
  artifactKey: Guid(db9286ffc426eba48a39ffeb7d78f569) Importer(815301076,1909f56bfc062723c751e8b465ee728b)
Start importing Assets/Prefabs/sphere-00.prefab using Guid(db9286ffc426eba48a39ffeb7d78f569) Importer(815301076,1909f56bfc062723c751e8b465ee728b)  -> (artifact id: 'fa3acdeb91735862c547367739e30347') in 0.077312 seconds
  Import took 0.081386 seconds .

========================================================================
Received Import Request.
  Time since last request: 2.114524 seconds.
  path: Assets/Prefabs/sphere-00.prefab
  artifactKey: Guid(db9286ffc426eba48a39ffeb7d78f569) Importer(815301076,1909f56bfc062723c751e8b465ee728b)
Start importing Assets/Prefabs/sphere-00.prefab using Guid(db9286ffc426eba48a39ffeb7d78f569) Importer(815301076,1909f56bfc062723c751e8b465ee728b)  -> (artifact id: 'e97096a336f7e3f37d33d521e043e8cc') in 0.097572 seconds
  Import took 0.104725 seconds .

========================================================================
Received Import Request.
  Time since last request: 2.612352 seconds.
  path: Assets/Prefabs/sphere-00.prefab
  artifactKey: Guid(db9286ffc426eba48a39ffeb7d78f569) Importer(815301076,1909f56bfc062723c751e8b465ee728b)
Start importing Assets/Prefabs/sphere-00.prefab using Guid(db9286ffc426eba48a39ffeb7d78f569) Importer(815301076,1909f56bfc062723c751e8b465ee728b)  -> (artifact id: '13dec5c93943e17f0a44e530d2a70f8b') in 0.083796 seconds
  Import took 0.089090 seconds .

========================================================================
Received Import Request.
  Time since last request: 2.066734 seconds.
  path: Assets/Prefabs/sphere-00.prefab
  artifactKey: Guid(db9286ffc426eba48a39ffeb7d78f569) Importer(815301076,1909f56bfc062723c751e8b465ee728b)
Start importing Assets/Prefabs/sphere-00.prefab using Guid(db9286ffc426eba48a39ffeb7d78f569) Importer(815301076,1909f56bfc062723c751e8b465ee728b)  -> (artifact id: '4cc15a4ad61ea58884521b40c7c0c8d1') in 0.077745 seconds
  Import took 0.083994 seconds .

========================================================================
Received Import Request.
  Time since last request: 0.001319 seconds.
  path: Assets/Prefabs/sphere-00.prefab
  artifactKey: Guid(db9286ffc426eba48a39ffeb7d78f569) Importer(815301076,1909f56bfc062723c751e8b465ee728b)
Start importing Assets/Prefabs/sphere-00.prefab using Guid(db9286ffc426eba48a39ffeb7d78f569) Importer(815301076,1909f56bfc062723c751e8b465ee728b)  -> (artifact id: '4cc15a4ad61ea58884521b40c7c0c8d1') in 0.084837 seconds
  Import took 0.096970 seconds .

========================================================================
Received Import Request.
  Time since last request: 14.116357 seconds.
  path: Assets/Prefabs/sphere-00.prefab
  artifactKey: Guid(db9286ffc426eba48a39ffeb7d78f569) Importer(815301076,1909f56bfc062723c751e8b465ee728b)
Start importing Assets/Prefabs/sphere-00.prefab using Guid(db9286ffc426eba48a39ffeb7d78f569) Importer(815301076,1909f56bfc062723c751e8b465ee728b)  -> (artifact id: '4a9e46f75e2a0377b2f93b025d92e746') in 0.151864 seconds
  Import took 0.155754 seconds .

========================================================================
Received Import Request.
  Time since last request: 24.729394 seconds.
  path: Assets/Prefabs/sphere-00.prefab
  artifactKey: Guid(db9286ffc426eba48a39ffeb7d78f569) Importer(815301076,1909f56bfc062723c751e8b465ee728b)
Start importing Assets/Prefabs/sphere-00.prefab using Guid(db9286ffc426eba48a39ffeb7d78f569) Importer(815301076,1909f56bfc062723c751e8b465ee728b)  -> (artifact id: '3c16c3261340bb5424749d796e6dd559') in 0.077678 seconds
  Import took 0.083414 seconds .

========================================================================
Received Import Request.
  Time since last request: 8.254040 seconds.
  path: Assets/Prefabs/sphere-00.prefab
  artifactKey: Guid(db9286ffc426eba48a39ffeb7d78f569) Importer(815301076,1909f56bfc062723c751e8b465ee728b)
Start importing Assets/Prefabs/sphere-00.prefab using Guid(db9286ffc426eba48a39ffeb7d78f569) Importer(815301076,1909f56bfc062723c751e8b465ee728b)  -> (artifact id: '5b9bd208b46deb4564d772e83a75bda8') in 0.085240 seconds
  Import took 0.089011 seconds .

========================================================================
Received Import Request.
  Time since last request: 15.960187 seconds.
  path: Assets/Prefabs/sphere-00.prefab
  artifactKey: Guid(db9286ffc426eba48a39ffeb7d78f569) Importer(815301076,1909f56bfc062723c751e8b465ee728b)
Start importing Assets/Prefabs/sphere-00.prefab using Guid(db9286ffc426eba48a39ffeb7d78f569) Importer(815301076,1909f56bfc062723c751e8b465ee728b)  -> (artifact id: '5a8b666df8a34685c9220b5832cbee95') in 0.078505 seconds
  Import took 0.085406 seconds .

========================================================================
Received Import Request.
  Time since last request: 10.239606 seconds.
  path: Assets/Prefabs/sphere-00.prefab
  artifactKey: Guid(db9286ffc426eba48a39ffeb7d78f569) Importer(815301076,1909f56bfc062723c751e8b465ee728b)
Start importing Assets/Prefabs/sphere-00.prefab using Guid(db9286ffc426eba48a39ffeb7d78f569) Importer(815301076,1909f56bfc062723c751e8b465ee728b)  -> (artifact id: '44c870995d75e12cd721d7330f423b2c') in 0.088588 seconds
  Import took 0.092477 seconds .

========================================================================
Received Import Request.
  Time since last request: 8.922477 seconds.
  path: Assets/Prefabs/sphere-00.prefab
  artifactKey: Guid(db9286ffc426eba48a39ffeb7d78f569) Importer(815301076,1909f56bfc062723c751e8b465ee728b)
Start importing Assets/Prefabs/sphere-00.prefab using Guid(db9286ffc426eba48a39ffeb7d78f569) Importer(815301076,1909f56bfc062723c751e8b465ee728b)  -> (artifact id: 'a739100e1e4df0de303f7f8ee94e8ff3') in 0.097085 seconds
  Import took 0.101580 seconds .

========================================================================
Received Import Request.
  Time since last request: 5.981692 seconds.
  path: Assets/Prefabs/sphere-00.prefab
  artifactKey: Guid(db9286ffc426eba48a39ffeb7d78f569) Importer(815301076,1909f56bfc062723c751e8b465ee728b)
Start importing Assets/Prefabs/sphere-00.prefab using Guid(db9286ffc426eba48a39ffeb7d78f569) Importer(815301076,1909f56bfc062723c751e8b465ee728b)  -> (artifact id: '0889a9b0b60ce971a36e38ad416fe962') in 0.078730 seconds
  Import took 0.083077 seconds .

========================================================================
Received Import Request.
  Time since last request: 20.825691 seconds.
  path: Assets/Prefabs/sphere-00.prefab
  artifactKey: Guid(db9286ffc426eba48a39ffeb7d78f569) Importer(815301076,1909f56bfc062723c751e8b465ee728b)
Start importing Assets/Prefabs/sphere-00.prefab using Guid(db9286ffc426eba48a39ffeb7d78f569) Importer(815301076,1909f56bfc062723c751e8b465ee728b)  -> (artifact id: 'acacc467dc05e77ce6fe859ab7391105') in 0.080903 seconds
  Import took 0.087269 seconds .

========================================================================
Received Prepare
Registering precompiled user dll's ...
Registered in 0.001014 seconds.
Begin MonoManager ReloadAssembly
Native extension for WindowsStandalone target not found
Native extension for WebGL target not found
Refreshing native plugins compatible for Editor in 0.45 ms, found 0 plugins.
Preloading 0 native plugins for Editor in 0.00 ms.
Mono: successfully reloaded assembly
- Completed reload, in  1.448 seconds
Platform modules already initialized, skipping
Switching build target platform(5) subTarget(0) extendedPlatform(0) -> platform(13) subTarget(537395200) extendedPlatform(0)
Refreshing native plugins compatible for Editor in 0.29 ms, found 0 plugins.
Preloading 0 native plugins for Editor in 0.00 ms.
Unloading 1304 Unused Serialized files (Serialized files now loaded: 0)
System memory in use before: 73.3 MB.
System memory in use after: 73.4 MB.

Unloading 6 unused Assets to reduce memory usage. Loaded Objects now: 1805.
Total: 2.124900 ms (FindLiveObjects: 0.274000 ms CreateObjectMapping: 0.057500 ms MarkObjects: 1.702000 ms  DeleteObjects: 0.089300 ms)

AssetImportParameters requested are different than current active one (requested -> active):
  custom:graphics/normal-map-encoding: 01000000000000000000000000000000 -> 02000000000000000000000000000000
========================================================================
Received Prepare
Registering precompiled user dll's ...
Registered in 0.001466 seconds.
Begin MonoManager ReloadAssembly
Native extension for WindowsStandalone target not found
Native extension for WebGL target not found
Refreshing native plugins compatible for Editor in 0.30 ms, found 0 plugins.
Preloading 0 native plugins for Editor in 0.00 ms.
Mono: successfully reloaded assembly
- Completed reload, in  1.290 seconds
Platform modules already initialized, skipping
Switching build target platform(5) subTarget(0) extendedPlatform(0) -> platform(13) subTarget(537395200) extendedPlatform(0)
Refreshing native plugins compatible for Editor in 0.47 ms, found 0 plugins.
Preloading 0 native plugins for Editor in 0.00 ms.
Unloading 1304 Unused Serialized files (Serialized files now loaded: 0)
System memory in use before: 73.3 MB.
System memory in use after: 73.4 MB.

Unloading 6 unused Assets to reduce memory usage. Loaded Objects now: 1808.
Total: 2.504000 ms (FindLiveObjects: 0.235600 ms CreateObjectMapping: 0.133800 ms MarkObjects: 2.010000 ms  DeleteObjects: 0.122300 ms)

AssetImportParameters requested are different than current active one (requested -> active):
  custom:graphics/normal-map-encoding: 01000000000000000000000000000000 -> 02000000000000000000000000000000
========================================================================
Received Prepare
Registering precompiled user dll's ...
Registered in 0.001267 seconds.
Begin MonoManager ReloadAssembly
Native extension for WindowsStandalone target not found
Native extension for WebGL target not found
Refreshing native plugins compatible for Editor in 0.33 ms, found 0 plugins.
Preloading 0 native plugins for Editor in 0.00 ms.
Mono: successfully reloaded assembly
- Completed reload, in  1.329 seconds
Platform modules already initialized, skipping
Switching build target platform(5) subTarget(0) extendedPlatform(0) -> platform(13) subTarget(537395200) extendedPlatform(0)
Refreshing native plugins compatible for Editor in 0.93 ms, found 0 plugins.
Preloading 0 native plugins for Editor in 0.00 ms.
Unloading 1304 Unused Serialized files (Serialized files now loaded: 0)
System memory in use before: 73.3 MB.
System memory in use after: 73.4 MB.

Unloading 6 unused Assets to reduce memory usage. Loaded Objects now: 1811.
Total: 2.155100 ms (FindLiveObjects: 0.237700 ms CreateObjectMapping: 0.066400 ms MarkObjects: 1.762600 ms  DeleteObjects: 0.086600 ms)

AssetImportParameters requested are different than current active one (requested -> active):
  custom:graphics/normal-map-encoding: 01000000000000000000000000000000 -> 02000000000000000000000000000000
========================================================================
Received Prepare
Registering precompiled user dll's ...
Registered in 0.000969 seconds.
Begin MonoManager ReloadAssembly
Native extension for WindowsStandalone target not found
Native extension for WebGL target not found
Refreshing native plugins compatible for Editor in 0.45 ms, found 0 plugins.
Preloading 0 native plugins for Editor in 0.00 ms.
Mono: successfully reloaded assembly
- Completed reload, in  1.527 seconds
Platform modules already initialized, skipping
Switching build target platform(5) subTarget(0) extendedPlatform(0) -> platform(13) subTarget(537395200) extendedPlatform(0)
Refreshing native plugins compatible for Editor in 0.45 ms, found 0 plugins.
Preloading 0 native plugins for Editor in 0.00 ms.
Unloading 1304 Unused Serialized files (Serialized files now loaded: 0)
System memory in use before: 73.3 MB.
System memory in use after: 73.4 MB.

Unloading 6 unused Assets to reduce memory usage. Loaded Objects now: 1814.
Total: 1.990800 ms (FindLiveObjects: 0.162400 ms CreateObjectMapping: 0.058300 ms MarkObjects: 1.678700 ms  DeleteObjects: 0.089300 ms)

AssetImportParameters requested are different than current active one (requested -> active):
  custom:graphics/normal-map-encoding: 01000000000000000000000000000000 -> 02000000000000000000000000000000
========================================================================
Received Prepare
Registering precompiled user dll's ...
Registered in 0.002170 seconds.
Begin MonoManager ReloadAssembly
Native extension for WindowsStandalone target not found
Native extension for WebGL target not found
Refreshing native plugins compatible for Editor in 0.31 ms, found 0 plugins.
Preloading 0 native plugins for Editor in 0.00 ms.
Mono: successfully reloaded assembly
- Completed reload, in  1.372 seconds
Platform modules already initialized, skipping
Switching build target platform(5) subTarget(0) extendedPlatform(0) -> platform(13) subTarget(537395200) extendedPlatform(0)
Refreshing native plugins compatible for Editor in 0.29 ms, found 0 plugins.
Preloading 0 native plugins for Editor in 0.00 ms.
Unloading 1304 Unused Serialized files (Serialized files now loaded: 0)
System memory in use before: 73.3 MB.
System memory in use after: 73.4 MB.

Unloading 6 unused Assets to reduce memory usage. Loaded Objects now: 1817.
Total: 2.245300 ms (FindLiveObjects: 0.209800 ms CreateObjectMapping: 0.114400 ms MarkObjects: 1.831000 ms  DeleteObjects: 0.088400 ms)

AssetImportParameters requested are different than current active one (requested -> active):
  custom:graphics/normal-map-encoding: 01000000000000000000000000000000 -> 02000000000000000000000000000000
========================================================================
Received Prepare
Registering precompiled user dll's ...
Registered in 0.001547 seconds.
Begin MonoManager ReloadAssembly
Native extension for WindowsStandalone target not found
Native extension for WebGL target not found
Refreshing native plugins compatible for Editor in 0.32 ms, found 0 plugins.
Preloading 0 native plugins for Editor in 0.00 ms.
Mono: successfully reloaded assembly
- Completed reload, in  1.411 seconds
Platform modules already initialized, skipping
Switching build target platform(5) subTarget(0) extendedPlatform(0) -> platform(13) subTarget(537395200) extendedPlatform(0)
Refreshing native plugins compatible for Editor in 0.30 ms, found 0 plugins.
Preloading 0 native plugins for Editor in 0.00 ms.
Unloading 1304 Unused Serialized files (Serialized files now loaded: 0)
System memory in use before: 73.3 MB.
System memory in use after: 73.4 MB.

Unloading 6 unused Assets to reduce memory usage. Loaded Objects now: 1820.
Total: 2.334300 ms (FindLiveObjects: 0.292600 ms CreateObjectMapping: 0.117200 ms MarkObjects: 1.834700 ms  DeleteObjects: 0.087600 ms)

AssetImportParameters requested are different than current active one (requested -> active):
  custom:graphics/normal-map-encoding: 01000000000000000000000000000000 -> 02000000000000000000000000000000
========================================================================
Received Prepare
Registering precompiled user dll's ...
Registered in 0.001012 seconds.
Begin MonoManager ReloadAssembly
Native extension for WindowsStandalone target not found
Native extension for WebGL target not found
Refreshing native plugins compatible for Editor in 0.32 ms, found 0 plugins.
Preloading 0 native plugins for Editor in 0.00 ms.
Mono: successfully reloaded assembly
- Completed reload, in  1.490 seconds
Platform modules already initialized, skipping
Switching build target platform(5) subTarget(0) extendedPlatform(0) -> platform(13) subTarget(537395200) extendedPlatform(0)
Refreshing native plugins compatible for Editor in 0.31 ms, found 0 plugins.
Preloading 0 native plugins for Editor in 0.00 ms.
Unloading 1304 Unused Serialized files (Serialized files now loaded: 0)
System memory in use before: 73.3 MB.
System memory in use after: 73.4 MB.

Unloading 6 unused Assets to reduce memory usage. Loaded Objects now: 1823.
Total: 2.025300 ms (FindLiveObjects: 0.159100 ms CreateObjectMapping: 0.057100 ms MarkObjects: 1.714500 ms  DeleteObjects: 0.092600 ms)

AssetImportParameters requested are different than current active one (requested -> active):
  custom:graphics/normal-map-encoding: 01000000000000000000000000000000 -> 02000000000000000000000000000000
========================================================================
Received Prepare
Registering precompiled user dll's ...
Registered in 0.001471 seconds.
Begin MonoManager ReloadAssembly
Native extension for WindowsStandalone target not found
Native extension for WebGL target not found
Refreshing native plugins compatible for Editor in 0.28 ms, found 0 plugins.
Preloading 0 native plugins for Editor in 0.00 ms.
Mono: successfully reloaded assembly
- Completed reload, in  1.449 seconds
Platform modules already initialized, skipping
Switching build target platform(5) subTarget(0) extendedPlatform(0) -> platform(13) subTarget(537395200) extendedPlatform(0)
Refreshing native plugins compatible for Editor in 0.30 ms, found 0 plugins.
Preloading 0 native plugins for Editor in 0.00 ms.
Unloading 1304 Unused Serialized files (Serialized files now loaded: 0)
System memory in use before: 73.3 MB.
System memory in use after: 73.4 MB.

Unloading 6 unused Assets to reduce memory usage. Loaded Objects now: 1826.
Total: 2.461500 ms (FindLiveObjects: 0.430000 ms CreateObjectMapping: 0.147500 ms MarkObjects: 1.794100 ms  DeleteObjects: 0.087900 ms)

AssetImportParameters requested are different than current active one (requested -> active):
  custom:graphics/normal-map-encoding: 01000000000000000000000000000000 -> 02000000000000000000000000000000
========================================================================
Received Prepare
Registering precompiled user dll's ...
Registered in 0.000985 seconds.
Begin MonoManager ReloadAssembly
Native extension for WindowsStandalone target not found
Native extension for WebGL target not found
Refreshing native plugins compatible for Editor in 0.31 ms, found 0 plugins.
Preloading 0 native plugins for Editor in 0.00 ms.
Mono: successfully reloaded assembly
- Completed reload, in  1.510 seconds
Platform modules already initialized, skipping
Switching build target platform(5) subTarget(0) extendedPlatform(0) -> platform(13) subTarget(537395200) extendedPlatform(0)
Refreshing native plugins compatible for Editor in 0.28 ms, found 0 plugins.
Preloading 0 native plugins for Editor in 0.00 ms.
Unloading 1304 Unused Serialized files (Serialized files now loaded: 0)
System memory in use before: 73.3 MB.
System memory in use after: 73.4 MB.

Unloading 6 unused Assets to reduce memory usage. Loaded Objects now: 1829.
Total: 3.266100 ms (FindLiveObjects: 0.196500 ms CreateObjectMapping: 0.075000 ms MarkObjects: 2.908000 ms  DeleteObjects: 0.084400 ms)

AssetImportParameters requested are different than current active one (requested -> active):
  custom:graphics/normal-map-encoding: 01000000000000000000000000000000 -> 02000000000000000000000000000000
========================================================================
Received Prepare
Registering precompiled user dll's ...
Registered in 0.001009 seconds.
Begin MonoManager ReloadAssembly
Native extension for WindowsStandalone target not found
Native extension for WebGL target not found
Refreshing native plugins compatible for Editor in 1.30 ms, found 0 plugins.
Preloading 0 native plugins for Editor in 0.00 ms.
Mono: successfully reloaded assembly
- Completed reload, in  2.415 seconds
Platform modules already initialized, skipping
Switching build target platform(5) subTarget(0) extendedPlatform(0) -> platform(13) subTarget(537395200) extendedPlatform(0)
Refreshing native plugins compatible for Editor in 0.32 ms, found 0 plugins.
Preloading 0 native plugins for Editor in 0.00 ms.
Unloading 1304 Unused Serialized files (Serialized files now loaded: 0)
System memory in use before: 73.4 MB.
System memory in use after: 73.4 MB.

Unloading 6 unused Assets to reduce memory usage. Loaded Objects now: 1832.
Total: 3.014500 ms (FindLiveObjects: 0.433100 ms CreateObjectMapping: 0.132000 ms MarkObjects: 2.314900 ms  DeleteObjects: 0.132400 ms)

AssetImportParameters requested are different than current active one (requested -> active):
  custom:graphics/normal-map-encoding: 01000000000000000000000000000000 -> 02000000000000000000000000000000
========================================================================
Received Import Request.
  Time since last request: 1762.518288 seconds.
  path: Assets/Prefabs/sphere-00.prefab
  artifactKey: Guid(db9286ffc426eba48a39ffeb7d78f569) Importer(815301076,1909f56bfc062723c751e8b465ee728b)
Start importing Assets/Prefabs/sphere-00.prefab using Guid(db9286ffc426eba48a39ffeb7d78f569) Importer(815301076,1909f56bfc062723c751e8b465ee728b)  -> (artifact id: '93eb0ae76766d359b5fe6b305049ffe8') in 0.279484 seconds
  Import took 0.285208 seconds .

========================================================================
Received Import Request.
  Time since last request: 6.116481 seconds.
  path: Assets/Prefabs/sphere-00.prefab
  artifactKey: Guid(db9286ffc426eba48a39ffeb7d78f569) Importer(815301076,1909f56bfc062723c751e8b465ee728b)
Start importing Assets/Prefabs/sphere-00.prefab using Guid(db9286ffc426eba48a39ffeb7d78f569) Importer(815301076,1909f56bfc062723c751e8b465ee728b)  -> (artifact id: '3635a89e70f630b81e6d4de3a44250ab') in 0.086201 seconds
  Import took 0.092272 seconds .

========================================================================
Received Import Request.
  Time since last request: 15.966297 seconds.
  path: Assets/Prefabs/sphere-00.prefab
  artifactKey: Guid(db9286ffc426eba48a39ffeb7d78f569) Importer(815301076,1909f56bfc062723c751e8b465ee728b)
Start importing Assets/Prefabs/sphere-00.prefab using Guid(db9286ffc426eba48a39ffeb7d78f569) Importer(815301076,1909f56bfc062723c751e8b465ee728b)  -> (artifact id: '88f94f6d5a38de5aa6d0a50af5a8fadc') in 0.091065 seconds
  Import took 0.098450 seconds .

========================================================================
Received Import Request.
  Time since last request: 5.609077 seconds.
  path: Assets/Prefabs/sphere-00.prefab
  artifactKey: Guid(db9286ffc426eba48a39ffeb7d78f569) Importer(815301076,1909f56bfc062723c751e8b465ee728b)
Start importing Assets/Prefabs/sphere-00.prefab using Guid(db9286ffc426eba48a39ffeb7d78f569) Importer(815301076,1909f56bfc062723c751e8b465ee728b)  -> (artifact id: 'c80cea735404b932429e4cfee40a8b7d') in 0.091135 seconds
  Import took 0.098856 seconds .

========================================================================
Received Import Request.
  Time since last request: 2.931906 seconds.
  path: Assets/Prefabs/sphere-00.prefab
  artifactKey: Guid(db9286ffc426eba48a39ffeb7d78f569) Importer(815301076,1909f56bfc062723c751e8b465ee728b)
Start importing Assets/Prefabs/sphere-00.prefab using Guid(db9286ffc426eba48a39ffeb7d78f569) Importer(815301076,1909f56bfc062723c751e8b465ee728b)  -> (artifact id: '625c88434e6a47510552776740794d2d') in 0.072597 seconds
  Import took 0.080594 seconds .

========================================================================
Received Import Request.
  Time since last request: 3.035662 seconds.
  path: Assets/Prefabs/sphere-00.prefab
  artifactKey: Guid(db9286ffc426eba48a39ffeb7d78f569) Importer(815301076,1909f56bfc062723c751e8b465ee728b)
Start importing Assets/Prefabs/sphere-00.prefab using Guid(db9286ffc426eba48a39ffeb7d78f569) Importer(815301076,1909f56bfc062723c751e8b465ee728b)  -> (artifact id: '27f5777b99651f4a21eb8ed8b7748d23') in 0.094534 seconds
  Import took 0.100867 seconds .

========================================================================
Received Import Request.
  Time since last request: 10.999300 seconds.
  path: Assets/Prefabs/sphere-00.prefab
  artifactKey: Guid(db9286ffc426eba48a39ffeb7d78f569) Importer(815301076,1909f56bfc062723c751e8b465ee728b)
Start importing Assets/Prefabs/sphere-00.prefab using Guid(db9286ffc426eba48a39ffeb7d78f569) Importer(815301076,1909f56bfc062723c751e8b465ee728b)  -> (artifact id: 'e063fd15a695e0da5f460437c7d3c32f') in 0.108531 seconds
  Import took 0.113188 seconds .

========================================================================
Received Prepare
Registering precompiled user dll's ...
Registered in 0.001107 seconds.
Begin MonoManager ReloadAssembly
Native extension for WindowsStandalone target not found
Native extension for WebGL target not found
Refreshing native plugins compatible for Editor in 0.30 ms, found 0 plugins.
Preloading 0 native plugins for Editor in 0.00 ms.
Mono: successfully reloaded assembly
- Completed reload, in  1.537 seconds
Platform modules already initialized, skipping
Switching build target platform(5) subTarget(0) extendedPlatform(0) -> platform(13) subTarget(537395200) extendedPlatform(0)
Refreshing native plugins compatible for Editor in 0.32 ms, found 0 plugins.
Preloading 0 native plugins for Editor in 0.00 ms.
Unloading 1304 Unused Serialized files (Serialized files now loaded: 0)
System memory in use before: 73.4 MB.
System memory in use after: 73.4 MB.

Unloading 6 unused Assets to reduce memory usage. Loaded Objects now: 1836.
Total: 1.855700 ms (FindLiveObjects: 0.161800 ms CreateObjectMapping: 0.056800 ms MarkObjects: 1.549500 ms  DeleteObjects: 0.085900 ms)

AssetImportParameters requested are different than current active one (requested -> active):
  custom:graphics/normal-map-encoding: 01000000000000000000000000000000 -> 02000000000000000000000000000000
========================================================================
Received Prepare
Registering precompiled user dll's ...
Registered in 0.001234 seconds.
Begin MonoManager ReloadAssembly
Native extension for WindowsStandalone target not found
Native extension for WebGL target not found
Refreshing native plugins compatible for Editor in 0.33 ms, found 0 plugins.
Preloading 0 native plugins for Editor in 0.00 ms.
Mono: successfully reloaded assembly
- Completed reload, in  1.447 seconds
Platform modules already initialized, skipping
Switching build target platform(5) subTarget(0) extendedPlatform(0) -> platform(13) subTarget(537395200) extendedPlatform(0)
Refreshing native plugins compatible for Editor in 0.29 ms, found 0 plugins.
Preloading 0 native plugins for Editor in 0.00 ms.
Unloading 1304 Unused Serialized files (Serialized files now loaded: 0)
System memory in use before: 73.4 MB.
System memory in use after: 73.4 MB.

Unloading 6 unused Assets to reduce memory usage. Loaded Objects now: 1839.
Total: 2.331200 ms (FindLiveObjects: 0.237300 ms CreateObjectMapping: 0.118000 ms MarkObjects: 1.884400 ms  DeleteObjects: 0.089900 ms)

AssetImportParameters requested are different than current active one (requested -> active):
  custom:graphics/normal-map-encoding: 01000000000000000000000000000000 -> 02000000000000000000000000000000
========================================================================
Received Prepare
Registering precompiled user dll's ...
Registered in 0.000987 seconds.
Begin MonoManager ReloadAssembly
Native extension for WindowsStandalone target not found
Native extension for WebGL target not found
Refreshing native plugins compatible for Editor in 0.28 ms, found 0 plugins.
Preloading 0 native plugins for Editor in 0.00 ms.
Mono: successfully reloaded assembly
- Completed reload, in  1.543 seconds
Platform modules already initialized, skipping
Switching build target platform(5) subTarget(0) extendedPlatform(0) -> platform(13) subTarget(537395200) extendedPlatform(0)
Refreshing native plugins compatible for Editor in 0.31 ms, found 0 plugins.
Preloading 0 native plugins for Editor in 0.00 ms.
Unloading 1304 Unused Serialized files (Serialized files now loaded: 0)
System memory in use before: 73.4 MB.
System memory in use after: 73.4 MB.

Unloading 6 unused Assets to reduce memory usage. Loaded Objects now: 1842.
Total: 2.307600 ms (FindLiveObjects: 0.218200 ms CreateObjectMapping: 0.118900 ms MarkObjects: 1.877200 ms  DeleteObjects: 0.091700 ms)

AssetImportParameters requested are different than current active one (requested -> active):
  custom:graphics/normal-map-encoding: 01000000000000000000000000000000 -> 02000000000000000000000000000000
========================================================================
Received Prepare
Registering precompiled user dll's ...
Registered in 0.000949 seconds.
Begin MonoManager ReloadAssembly
Native extension for WindowsStandalone target not found
Native extension for WebGL target not found
Refreshing native plugins compatible for Editor in 0.31 ms, found 0 plugins.
Preloading 0 native plugins for Editor in 0.00 ms.
Mono: successfully reloaded assembly
- Completed reload, in  1.414 seconds
Platform modules already initialized, skipping
Switching build target platform(5) subTarget(0) extendedPlatform(0) -> platform(13) subTarget(537395200) extendedPlatform(0)
Refreshing native plugins compatible for Editor in 0.29 ms, found 0 plugins.
Preloading 0 native plugins for Editor in 0.00 ms.
Unloading 1304 Unused Serialized files (Serialized files now loaded: 0)
System memory in use before: 73.4 MB.
System memory in use after: 73.4 MB.

Unloading 6 unused Assets to reduce memory usage. Loaded Objects now: 1845.
Total: 11.740900 ms (FindLiveObjects: 0.249800 ms CreateObjectMapping: 0.084300 ms MarkObjects: 11.260600 ms  DeleteObjects: 0.143500 ms)

AssetImportParameters requested are different than current active one (requested -> active):
  custom:graphics/normal-map-encoding: 01000000000000000000000000000000 -> 02000000000000000000000000000000
