Using pre-set license
Built from '2020.3/staging' branch; Version is '2020.3.4f1 (0abb6314276a) revision 703331'; Using compiler version '192528614'; Build Type 'Release'
OS: 'Windows 10 Pro; OS build 19042.1110; Version 2009; 64bit' Language: 'de' Physical Memory: 8062 MB
BatchMode: 1, IsHumanControllingUs: 0, StartBugReporterOnCrash: 0, Is64bit: 1, IsPro: 0

 COMMAND LINE ARGUMENTS:
C:\Program Files\Unity\Hub\Editor\2020.3.4f1\Editor\Unity.exe
-adb2
-batchMode
-noUpm
-name
AssetImportWorker0
-projectPath
C:/Users/Konstantin/Documents/UnityProjects/Swing-game/Swing
-logFile
Logs/AssetImportWorker0.log
-srvPort
51327
Successfully changed project path to: C:/Users/Konstantin/Documents/UnityProjects/Swing-game/Swing
C:/Users/Konstantin/Documents/UnityProjects/Swing-game/Swing
Using Asset Import Pipeline V2.
Refreshing native plugins compatible for Editor in 45.65 ms, found 0 plugins.
Preloading 0 native plugins for Editor in 0.00 ms.
Initialize engine version: 2020.3.4f1 (0abb6314276a)
[Subsystems] Discovering subsystems at path C:/Program Files/Unity/Hub/Editor/2020.3.4f1/Editor/Data/Resources/UnitySubsystems
[Subsystems] Discovering subsystems at path C:/Users/Konstantin/Documents/UnityProjects/Swing-game/Swing/Assets
GfxDevice: creating device client; threaded=0
Direct3D:
    Version:  Direct3D 11.0 [level 11.0]
    Renderer: Intel(R) HD Graphics 4000 (ID=0x166)
    Vendor:   
    VRAM:     128 MB
    Driver:   10.18.10.4358
Initialize mono
Mono path[0] = 'C:/Program Files/Unity/Hub/Editor/2020.3.4f1/Editor/Data/Managed'
Mono path[1] = 'C:/Program Files/Unity/Hub/Editor/2020.3.4f1/Editor/Data/MonoBleedingEdge/lib/mono/unityjit'
Mono config path = 'C:/Program Files/Unity/Hub/Editor/2020.3.4f1/Editor/Data/MonoBleedingEdge/etc'
Using monoOptions --debugger-agent=transport=dt_socket,embedding=1,server=y,suspend=n,address=127.0.0.1:56324
Begin MonoManager ReloadAssembly
Registering precompiled unity dll's ...
Register platform support module: C:/Program Files/Unity/Hub/Editor/2020.3.4f1/Editor/Data/PlaybackEngines/WebGLSupport/UnityEditor.WebGL.Extensions.dll
Register platform support module: C:/Program Files/Unity/Hub/Editor/2020.3.4f1/Editor/Data/PlaybackEngines/WindowsStandaloneSupport/UnityEditor.WindowsStandalone.Extensions.dll
Registered in 0.006232 seconds.
Native extension for WindowsStandalone target not found
Native extension for WebGL target not found
Refreshing native plugins compatible for Editor in 57.41 ms, found 0 plugins.
Preloading 0 native plugins for Editor in 0.00 ms.
Mono: successfully reloaded assembly
- Completed reload, in  7.298 seconds
Platform modules already initialized, skipping
Registering precompiled user dll's ...
Registered in 0.001082 seconds.
Begin MonoManager ReloadAssembly
Native extension for WindowsStandalone target not found
Native extension for WebGL target not found
Refreshing native plugins compatible for Editor in 0.49 ms, found 0 plugins.
Preloading 0 native plugins for Editor in 0.00 ms.
Mono: successfully reloaded assembly
- Completed reload, in  1.542 seconds
Platform modules already initialized, skipping
========================================================================
Worker process is ready to serve import requests
Launched and connected shader compiler UnityShaderCompiler.exe after 0.11 seconds
Refreshing native plugins compatible for Editor in 0.43 ms, found 0 plugins.
Preloading 0 native plugins for Editor in 0.00 ms.
Unloading 1316 Unused Serialized files (Serialized files now loaded: 0)
System memory in use before: 71.4 MB.
System memory in use after: 71.4 MB.

Unloading 11 unused Assets to reduce memory usage. Loaded Objects now: 1756.
Total: 2.141800 ms (FindLiveObjects: 0.233100 ms CreateObjectMapping: 0.085300 ms MarkObjects: 1.633900 ms  DeleteObjects: 0.187500 ms)

========================================================================
Received Import Request.
  path: Assets/LeanTween/Framework/LeanTweenExt.cs
  artifactKey: Guid(5dbe851e9c0814f1d8f514ecf70f675d) Importer(815301076,1909f56bfc062723c751e8b465ee728b)
Start importing Assets/LeanTween/Framework/LeanTweenExt.cs using Guid(5dbe851e9c0814f1d8f514ecf70f675d) Importer(815301076,1909f56bfc062723c751e8b465ee728b)  -> (artifact id: '6c8868246ead8da52200fe841a8b5b7b') in 0.056533 seconds
  Import took 0.060904 seconds .

========================================================================
Received Prepare
Registering precompiled user dll's ...
Registered in 0.001398 seconds.
Begin MonoManager ReloadAssembly
Native extension for WindowsStandalone target not found
Native extension for WebGL target not found
Refreshing native plugins compatible for Editor in 0.31 ms, found 0 plugins.
Preloading 0 native plugins for Editor in 0.00 ms.
Mono: successfully reloaded assembly
- Completed reload, in  1.528 seconds
Platform modules already initialized, skipping
Refreshing native plugins compatible for Editor in 0.75 ms, found 0 plugins.
Preloading 0 native plugins for Editor in 0.00 ms.
Unloading 1298 Unused Serialized files (Serialized files now loaded: 0)
System memory in use before: 70.1 MB.
System memory in use after: 70.1 MB.

Unloading 6 unused Assets to reduce memory usage. Loaded Objects now: 1759.
Total: 2.374000 ms (FindLiveObjects: 0.180300 ms CreateObjectMapping: 0.074300 ms MarkObjects: 2.011800 ms  DeleteObjects: 0.105400 ms)

========================================================================
Received Import Request.
  Time since last request: 751.304966 seconds.
  path: Assets/LeanTween/Framework/LeanTweenExt.cs
  artifactKey: Guid(5dbe851e9c0814f1d8f514ecf70f675d) Importer(815301076,1909f56bfc062723c751e8b465ee728b)
Start importing Assets/LeanTween/Framework/LeanTweenExt.cs using Guid(5dbe851e9c0814f1d8f514ecf70f675d) Importer(815301076,1909f56bfc062723c751e8b465ee728b)  -> (artifact id: '1e60a4991394a08daadf7d79aad2258a') in 0.011286 seconds
  Import took 0.016984 seconds .

========================================================================
Received Prepare
Registering precompiled user dll's ...
Registered in 0.001008 seconds.
Begin MonoManager ReloadAssembly
Native extension for WindowsStandalone target not found
Native extension for WebGL target not found
Refreshing native plugins compatible for Editor in 0.30 ms, found 0 plugins.
Preloading 0 native plugins for Editor in 0.00 ms.
Mono: successfully reloaded assembly
- Completed reload, in  1.478 seconds
Platform modules already initialized, skipping
Refreshing native plugins compatible for Editor in 0.46 ms, found 0 plugins.
Preloading 0 native plugins for Editor in 0.00 ms.
Unloading 1299 Unused Serialized files (Serialized files now loaded: 0)
System memory in use before: 70.1 MB.
System memory in use after: 70.2 MB.

Unloading 6 unused Assets to reduce memory usage. Loaded Objects now: 1763.
Total: 2.169400 ms (FindLiveObjects: 0.263500 ms CreateObjectMapping: 0.069200 ms MarkObjects: 1.749200 ms  DeleteObjects: 0.085200 ms)

========================================================================
Received Import Request.
  Time since last request: 86.490065 seconds.
  path: Assets/Prefabs/Weight.prefab
  artifactKey: Guid(0e2cc6bf488e5a74cbe4002769da8383) Importer(815301076,1909f56bfc062723c751e8b465ee728b)
Start importing Assets/Prefabs/Weight.prefab using Guid(0e2cc6bf488e5a74cbe4002769da8383) Importer(815301076,1909f56bfc062723c751e8b465ee728b)  -> (artifact id: '50a1bf46ee81d06ebe7dbcfd026d89fc') in 0.160952 seconds
  Import took 0.167122 seconds .

========================================================================
Received Prepare
Registering precompiled user dll's ...
Registered in 0.000986 seconds.
Begin MonoManager ReloadAssembly
Native extension for WindowsStandalone target not found
Native extension for WebGL target not found
Refreshing native plugins compatible for Editor in 0.30 ms, found 0 plugins.
Preloading 0 native plugins for Editor in 0.00 ms.
Mono: successfully reloaded assembly
- Completed reload, in  1.282 seconds
Platform modules already initialized, skipping
Refreshing native plugins compatible for Editor in 0.43 ms, found 0 plugins.
Preloading 0 native plugins for Editor in 0.00 ms.
Unloading 1299 Unused Serialized files (Serialized files now loaded: 0)
System memory in use before: 70.2 MB.
System memory in use after: 70.2 MB.

Unloading 6 unused Assets to reduce memory usage. Loaded Objects now: 1766.
Total: 1.887000 ms (FindLiveObjects: 0.164900 ms CreateObjectMapping: 0.057000 ms MarkObjects: 1.565800 ms  DeleteObjects: 0.097300 ms)

========================================================================
Received Import Request.
  Time since last request: 930.933762 seconds.
  path: Assets/Prefabs/Weight.prefab
  artifactKey: Guid(0e2cc6bf488e5a74cbe4002769da8383) Importer(815301076,1909f56bfc062723c751e8b465ee728b)
Start importing Assets/Prefabs/Weight.prefab using Guid(0e2cc6bf488e5a74cbe4002769da8383) Importer(815301076,1909f56bfc062723c751e8b465ee728b)  -> (artifact id: 'e16aa115eea0e07de6ae11e4302dbcb8') in 0.123406 seconds
  Import took 0.129573 seconds .

========================================================================
Received Import Request.
  Time since last request: 9.898302 seconds.
  path: Assets/Prefabs/Weight.prefab
  artifactKey: Guid(0e2cc6bf488e5a74cbe4002769da8383) Importer(815301076,1909f56bfc062723c751e8b465ee728b)
Start importing Assets/Prefabs/Weight.prefab using Guid(0e2cc6bf488e5a74cbe4002769da8383) Importer(815301076,1909f56bfc062723c751e8b465ee728b)  -> (artifact id: '82c113d37f05c7d0d3ebb80002db293c') in 0.043370 seconds
  Import took 0.047643 seconds .

========================================================================
Received Import Request.
  Time since last request: 3.399865 seconds.
  path: Assets/Prefabs/Weight.prefab
  artifactKey: Guid(0e2cc6bf488e5a74cbe4002769da8383) Importer(815301076,1909f56bfc062723c751e8b465ee728b)
Start importing Assets/Prefabs/Weight.prefab using Guid(0e2cc6bf488e5a74cbe4002769da8383) Importer(815301076,1909f56bfc062723c751e8b465ee728b)  -> (artifact id: '6436767181ea18a9c0cc5f5f2990eed0') in 0.099732 seconds
  Import took 0.106416 seconds .

========================================================================
Received Import Request.
  Time since last request: 17.231604 seconds.
  path: Assets/Prefabs/Weight.prefab
  artifactKey: Guid(0e2cc6bf488e5a74cbe4002769da8383) Importer(815301076,1909f56bfc062723c751e8b465ee728b)
Start importing Assets/Prefabs/Weight.prefab using Guid(0e2cc6bf488e5a74cbe4002769da8383) Importer(815301076,1909f56bfc062723c751e8b465ee728b)  -> (artifact id: '002c4d2863c4a195e1c35f90ad7dc6da') in 0.071121 seconds
  Import took 0.078336 seconds .

========================================================================
Received Prepare
Registering precompiled user dll's ...
Registered in 0.001742 seconds.
Begin MonoManager ReloadAssembly
Native extension for WindowsStandalone target not found
Native extension for WebGL target not found
Refreshing native plugins compatible for Editor in 0.82 ms, found 0 plugins.
Preloading 0 native plugins for Editor in 0.00 ms.
Mono: successfully reloaded assembly
- Completed reload, in  1.988 seconds
Platform modules already initialized, skipping
Refreshing native plugins compatible for Editor in 0.46 ms, found 0 plugins.
Preloading 0 native plugins for Editor in 0.00 ms.
Unloading 1299 Unused Serialized files (Serialized files now loaded: 0)
System memory in use before: 70.2 MB.
System memory in use after: 70.2 MB.

Unloading 6 unused Assets to reduce memory usage. Loaded Objects now: 1769.
Total: 4.709600 ms (FindLiveObjects: 0.697400 ms CreateObjectMapping: 0.334000 ms MarkObjects: 3.531400 ms  DeleteObjects: 0.143800 ms)

========================================================================
Received Import Request.
  Time since last request: 11.413268 seconds.
  path: Assets/Prefabs/Weight.prefab
  artifactKey: Guid(0e2cc6bf488e5a74cbe4002769da8383) Importer(815301076,1909f56bfc062723c751e8b465ee728b)
Start importing Assets/Prefabs/Weight.prefab using Guid(0e2cc6bf488e5a74cbe4002769da8383) Importer(815301076,1909f56bfc062723c751e8b465ee728b)  -> (artifact id: 'b7f9f6f7a505567cf0571a2cbd3ae441') in 0.216103 seconds
  Import took 0.222705 seconds .

========================================================================
Received Prepare
Registering precompiled user dll's ...
Registered in 0.003615 seconds.
Begin MonoManager ReloadAssembly
Native extension for WindowsStandalone target not found
Native extension for WebGL target not found
Refreshing native plugins compatible for Editor in 0.30 ms, found 0 plugins.
Preloading 0 native plugins for Editor in 0.00 ms.
Mono: successfully reloaded assembly
- Completed reload, in  1.227 seconds
Platform modules already initialized, skipping
Refreshing native plugins compatible for Editor in 0.33 ms, found 0 plugins.
Preloading 0 native plugins for Editor in 0.00 ms.
Unloading 1299 Unused Serialized files (Serialized files now loaded: 0)
System memory in use before: 70.2 MB.
System memory in use after: 70.2 MB.

Unloading 6 unused Assets to reduce memory usage. Loaded Objects now: 1772.
Total: 2.343900 ms (FindLiveObjects: 0.274000 ms CreateObjectMapping: 0.074600 ms MarkObjects: 1.869200 ms  DeleteObjects: 0.123500 ms)

AssetImportWorkerClient::OnTransportError - code=2 error=End of file
